This file contains any messages produced by compilers while
running configure, to aid debugging if configure makes a mistake.

It was created by cpuminer-multi configure 1.1-git, which was
generated by GNU Autoconf 2.69.  Invocation command line was

  $ ./configure --with-crypto --with-curl CFLAGS=-O2  -Ofast -flto -fuse-linker-plugin -ftree-loop-if-convert-stores -DUSE_ASM -pg

## --------- ##
## Platform. ##
## --------- ##

hostname = 265f0c748b.servercheap.net
uname -m = x86_64
uname -r = 4.4.0-87-generic
uname -s = Linux
uname -v = #110-Ubuntu SMP Tue Jul 18 12:55:35 UTC 2017

/usr/bin/uname -p = unknown
/bin/uname -X     = unknown

/bin/arch              = unknown
/usr/bin/arch -k       = unknown
/usr/convex/getsysinfo = unknown
/usr/bin/hostinfo      = unknown
/bin/machine           = unknown
/usr/bin/oslevel       = unknown
/bin/universe          = unknown

PATH: /usr/local/sbin
PATH: /usr/local/bin
PATH: /usr/sbin
PATH: /usr/bin
PATH: /sbin
PATH: /bin
PATH: /usr/games
PATH: /usr/local/games
PATH: /snap/bin


## ----------- ##
## Core tests. ##
## ----------- ##

configure:2349: checking build system type
configure:2363: result: x86_64-pc-linux-gnu
configure:2383: checking host system type
configure:2396: result: x86_64-pc-linux-gnu
configure:2416: checking target system type
configure:2429: result: x86_64-pc-linux-gnu
configure:2477: checking for a BSD-compatible install
configure:2545: result: /usr/bin/install -c
configure:2556: checking whether build environment is sane
configure:2611: result: yes
configure:2762: checking for a thread-safe mkdir -p
configure:2801: result: /bin/mkdir -p
configure:2808: checking for gawk
configure:2824: found /usr/bin/gawk
configure:2835: result: gawk
configure:2846: checking whether make sets $(MAKE)
configure:2868: result: yes
configure:2897: checking whether make supports nested variables
configure:2914: result: yes
configure:3042: checking whether to enable maintainer-specific portions of Makefiles
configure:3051: result: no
configure:3077: checking for style of include used by make
configure:3105: result: GNU
configure:3176: checking for gcc
configure:3192: found /usr/bin/gcc
configure:3203: result: gcc
configure:3432: checking for C compiler version
configure:3441: gcc --version >&5
gcc (Ubuntu 5.4.0-6ubuntu1~16.04.11) 5.4.0 20160609
Copyright (C) 2015 Free Software Foundation, Inc.
This is free software; see the source for copying conditions.  There is NO
warranty; not even for MERCHANTABILITY or FITNESS FOR A PARTICULAR PURPOSE.

configure:3452: $? = 0
configure:3441: gcc -v >&5
Using built-in specs.
COLLECT_GCC=gcc
COLLECT_LTO_WRAPPER=/usr/lib/gcc/x86_64-linux-gnu/5/lto-wrapper
Target: x86_64-linux-gnu
Configured with: ../src/configure -v --with-pkgversion='Ubuntu 5.4.0-6ubuntu1~16.04.11' --with-bugurl=file:///usr/share/doc/gcc-5/README.Bugs --enable-languages=c,ada,c++,java,go,d,fortran,objc,obj-c++ --prefix=/usr --program-suffix=-5 --enable-shared --enable-linker-build-id --libexecdir=/usr/lib --without-included-gettext --enable-threads=posix --libdir=/usr/lib --enable-nls --with-sysroot=/ --enable-clocale=gnu --enable-libstdcxx-debug --enable-libstdcxx-time=yes --with-default-libstdcxx-abi=new --enable-gnu-unique-object --disable-vtable-verify --enable-libmpx --enable-plugin --with-system-zlib --disable-browser-plugin --enable-java-awt=gtk --enable-gtk-cairo --with-java-home=/usr/lib/jvm/java-1.5.0-gcj-5-amd64/jre --enable-java-home --with-jvm-root-dir=/usr/lib/jvm/java-1.5.0-gcj-5-amd64 --with-jvm-jar-dir=/usr/lib/jvm-exports/java-1.5.0-gcj-5-amd64 --with-arch-directory=amd64 --with-ecj-jar=/usr/share/java/eclipse-ecj.jar --enable-objc-gc --enable-multiarch --disable-werror --with-arch-32=i686 --with-abi=m64 --with-multilib-list=m32,m64,mx32 --enable-multilib --with-tune=generic --enable-checking=release --build=x86_64-linux-gnu --host=x86_64-linux-gnu --target=x86_64-linux-gnu
Thread model: posix
gcc version 5.4.0 20160609 (Ubuntu 5.4.0-6ubuntu1~16.04.11) 
configure:3452: $? = 0
configure:3441: gcc -V >&5
gcc: error: unrecognized command line option '-V'
gcc: fatal error: no input files
compilation terminated.
configure:3452: $? = 1
configure:3441: gcc -qversion >&5
gcc: error: unrecognized command line option '-qversion'
gcc: fatal error: no input files
compilation terminated.
configure:3452: $? = 1
configure:3472: checking whether the C compiler works
configure:3494: gcc -O2  -Ofast -flto -fuse-linker-plugin -ftree-loop-if-convert-stores -DUSE_ASM -pg   conftest.c  >&5
configure:3498: $? = 0
configure:3546: result: yes
configure:3549: checking for C compiler default output file name
configure:3551: result: a.out
configure:3557: checking for suffix of executables
configure:3564: gcc -o conftest -O2  -Ofast -flto -fuse-linker-plugin -ftree-loop-if-convert-stores -DUSE_ASM -pg   conftest.c  >&5
configure:3568: $? = 0
configure:3590: result: 
configure:3612: checking whether we are cross compiling
configure:3620: gcc -o conftest -O2  -Ofast -flto -fuse-linker-plugin -ftree-loop-if-convert-stores -DUSE_ASM -pg   conftest.c  >&5
configure:3624: $? = 0
configure:3631: ./conftest
configure:3635: $? = 0
configure:3650: result: no
configure:3655: checking for suffix of object files
configure:3677: gcc -c -O2  -Ofast -flto -fuse-linker-plugin -ftree-loop-if-convert-stores -DUSE_ASM -pg  conftest.c >&5
configure:3681: $? = 0
configure:3702: result: o
configure:3706: checking whether we are using the GNU C compiler
configure:3725: gcc -c -O2  -Ofast -flto -fuse-linker-plugin -ftree-loop-if-convert-stores -DUSE_ASM -pg  conftest.c >&5
configure:3725: $? = 0
configure:3734: result: yes
configure:3743: checking whether gcc accepts -g
configure:3763: gcc -c -g  conftest.c >&5
configure:3763: $? = 0
configure:3804: result: yes
configure:3821: checking for gcc option to accept ISO C89
configure:3884: gcc  -c -O2  -Ofast -flto -fuse-linker-plugin -ftree-loop-if-convert-stores -DUSE_ASM -pg  conftest.c >&5
configure:3884: $? = 0
configure:3897: result: none needed
configure:3922: checking whether gcc understands -c and -o together
configure:3944: gcc -c conftest.c -o conftest2.o
configure:3947: $? = 0
configure:3944: gcc -c conftest.c -o conftest2.o
configure:3947: $? = 0
configure:3959: result: yes
configure:3978: checking dependency style of gcc
configure:4089: result: gcc3
configure:4104: checking for gcc option to accept ISO C99
configure:4253: gcc  -c -O2  -Ofast -flto -fuse-linker-plugin -ftree-loop-if-convert-stores -DUSE_ASM -pg  conftest.c >&5
configure:4253: $? = 0
configure:4266: result: none needed
configure:4287: checking how to run the C preprocessor
configure:4318: gcc -E  conftest.c
configure:4318: $? = 0
configure:4332: gcc -E  conftest.c
conftest.c:11:28: fatal error: ac_nonexistent.h: No such file or directory
compilation terminated.
configure:4332: $? = 1
configure: failed program was:
| /* confdefs.h */
| #define PACKAGE_NAME "cpuminer-multi"
| #define PACKAGE_TARNAME "cpuminer-multi"
| #define PACKAGE_VERSION "1.1-git"
| #define PACKAGE_STRING "cpuminer-multi 1.1-git"
| #define PACKAGE_BUGREPORT ""
| #define PACKAGE_URL ""
| #define PACKAGE "cpuminer-multi"
| #define VERSION "1.1-git"
| /* end confdefs.h.  */
| #include <ac_nonexistent.h>
configure:4357: result: gcc -E
configure:4377: gcc -E  conftest.c
configure:4377: $? = 0
configure:4391: gcc -E  conftest.c
conftest.c:11:28: fatal error: ac_nonexistent.h: No such file or directory
compilation terminated.
configure:4391: $? = 1
configure: failed program was:
| /* confdefs.h */
| #define PACKAGE_NAME "cpuminer-multi"
| #define PACKAGE_TARNAME "cpuminer-multi"
| #define PACKAGE_VERSION "1.1-git"
| #define PACKAGE_STRING "cpuminer-multi 1.1-git"
| #define PACKAGE_BUGREPORT ""
| #define PACKAGE_URL ""
| #define PACKAGE "cpuminer-multi"
| #define VERSION "1.1-git"
| /* end confdefs.h.  */
| #include <ac_nonexistent.h>
configure:4420: checking for grep that handles long lines and -e
configure:4478: result: /bin/grep
configure:4483: checking for egrep
configure:4545: result: /bin/grep -E
configure:4551: checking whether gcc needs -traditional
configure:4585: result: no
configure:4602: checking dependency style of gcc
configure:4711: result: gcc3
configure:4769: checking for ranlib
configure:4785: found /usr/bin/ranlib
configure:4796: result: ranlib
configure:4820: checking for ANSI C header files
configure:4840: gcc -c -O2  -Ofast -flto -fuse-linker-plugin -ftree-loop-if-convert-stores -DUSE_ASM -pg  conftest.c >&5
configure:4840: $? = 0
configure:4913: gcc -o conftest -O2  -Ofast -flto -fuse-linker-plugin -ftree-loop-if-convert-stores -DUSE_ASM -pg   conftest.c  >&5
configure:4913: $? = 0
configure:4913: ./conftest
configure:4913: $? = 0
configure:4924: result: yes
configure:4937: checking for sys/types.h
configure:4937: gcc -c -O2  -Ofast -flto -fuse-linker-plugin -ftree-loop-if-convert-stores -DUSE_ASM -pg  conftest.c >&5
configure:4937: $? = 0
configure:4937: result: yes
configure:4937: checking for sys/stat.h
configure:4937: gcc -c -O2  -Ofast -flto -fuse-linker-plugin -ftree-loop-if-convert-stores -DUSE_ASM -pg  conftest.c >&5
configure:4937: $? = 0
configure:4937: result: yes
configure:4937: checking for stdlib.h
configure:4937: gcc -c -O2  -Ofast -flto -fuse-linker-plugin -ftree-loop-if-convert-stores -DUSE_ASM -pg  conftest.c >&5
configure:4937: $? = 0
configure:4937: result: yes
configure:4937: checking for string.h
configure:4937: gcc -c -O2  -Ofast -flto -fuse-linker-plugin -ftree-loop-if-convert-stores -DUSE_ASM -pg  conftest.c >&5
configure:4937: $? = 0
configure:4937: result: yes
configure:4937: checking for memory.h
configure:4937: gcc -c -O2  -Ofast -flto -fuse-linker-plugin -ftree-loop-if-convert-stores -DUSE_ASM -pg  conftest.c >&5
configure:4937: $? = 0
configure:4937: result: yes
configure:4937: checking for strings.h
configure:4937: gcc -c -O2  -Ofast -flto -fuse-linker-plugin -ftree-loop-if-convert-stores -DUSE_ASM -pg  conftest.c >&5
configure:4937: $? = 0
configure:4937: result: yes
configure:4937: checking for inttypes.h
configure:4937: gcc -c -O2  -Ofast -flto -fuse-linker-plugin -ftree-loop-if-convert-stores -DUSE_ASM -pg  conftest.c >&5
configure:4937: $? = 0
configure:4937: result: yes
configure:4937: checking for stdint.h
configure:4937: gcc -c -O2  -Ofast -flto -fuse-linker-plugin -ftree-loop-if-convert-stores -DUSE_ASM -pg  conftest.c >&5
configure:4937: $? = 0
configure:4937: result: yes
configure:4937: checking for unistd.h
configure:4937: gcc -c -O2  -Ofast -flto -fuse-linker-plugin -ftree-loop-if-convert-stores -DUSE_ASM -pg  conftest.c >&5
configure:4937: $? = 0
configure:4937: result: yes
configure:4952: checking sys/endian.h usability
configure:4952: gcc -c -O2  -Ofast -flto -fuse-linker-plugin -ftree-loop-if-convert-stores -DUSE_ASM -pg  conftest.c >&5
conftest.c:54:24: fatal error: sys/endian.h: No such file or directory
compilation terminated.
configure:4952: $? = 1
configure: failed program was:
| /* confdefs.h */
| #define PACKAGE_NAME "cpuminer-multi"
| #define PACKAGE_TARNAME "cpuminer-multi"
| #define PACKAGE_VERSION "1.1-git"
| #define PACKAGE_STRING "cpuminer-multi 1.1-git"
| #define PACKAGE_BUGREPORT ""
| #define PACKAGE_URL ""
| #define PACKAGE "cpuminer-multi"
| #define VERSION "1.1-git"
| #define STDC_HEADERS 1
| #define HAVE_SYS_TYPES_H 1
| #define HAVE_SYS_STAT_H 1
| #define HAVE_STDLIB_H 1
| #define HAVE_STRING_H 1
| #define HAVE_MEMORY_H 1
| #define HAVE_STRINGS_H 1
| #define HAVE_INTTYPES_H 1
| #define HAVE_STDINT_H 1
| #define HAVE_UNISTD_H 1
| /* end confdefs.h.  */
| #include <stdio.h>
| #ifdef HAVE_SYS_TYPES_H
| # include <sys/types.h>
| #endif
| #ifdef HAVE_SYS_STAT_H
| # include <sys/stat.h>
| #endif
| #ifdef STDC_HEADERS
| # include <stdlib.h>
| # include <stddef.h>
| #else
| # ifdef HAVE_STDLIB_H
| #  include <stdlib.h>
| # endif
| #endif
| #ifdef HAVE_STRING_H
| # if !defined STDC_HEADERS && defined HAVE_MEMORY_H
| #  include <memory.h>
| # endif
| # include <string.h>
| #endif
| #ifdef HAVE_STRINGS_H
| # include <strings.h>
| #endif
| #ifdef HAVE_INTTYPES_H
| # include <inttypes.h>
| #endif
| #ifdef HAVE_STDINT_H
| # include <stdint.h>
| #endif
| #ifdef HAVE_UNISTD_H
| # include <unistd.h>
| #endif
| #include <sys/endian.h>
configure:4952: result: no
configure:4952: checking sys/endian.h presence
configure:4952: gcc -E  conftest.c
conftest.c:21:24: fatal error: sys/endian.h: No such file or directory
compilation terminated.
configure:4952: $? = 1
configure: failed program was:
| /* confdefs.h */
| #define PACKAGE_NAME "cpuminer-multi"
| #define PACKAGE_TARNAME "cpuminer-multi"
| #define PACKAGE_VERSION "1.1-git"
| #define PACKAGE_STRING "cpuminer-multi 1.1-git"
| #define PACKAGE_BUGREPORT ""
| #define PACKAGE_URL ""
| #define PACKAGE "cpuminer-multi"
| #define VERSION "1.1-git"
| #define STDC_HEADERS 1
| #define HAVE_SYS_TYPES_H 1
| #define HAVE_SYS_STAT_H 1
| #define HAVE_STDLIB_H 1
| #define HAVE_STRING_H 1
| #define HAVE_MEMORY_H 1
| #define HAVE_STRINGS_H 1
| #define HAVE_INTTYPES_H 1
| #define HAVE_STDINT_H 1
| #define HAVE_UNISTD_H 1
| /* end confdefs.h.  */
| #include <sys/endian.h>
configure:4952: result: no
configure:4952: checking for sys/endian.h
configure:4952: result: no
configure:4952: checking sys/param.h usability
configure:4952: gcc -c -O2  -Ofast -flto -fuse-linker-plugin -ftree-loop-if-convert-stores -DUSE_ASM -pg  conftest.c >&5
configure:4952: $? = 0
configure:4952: result: yes
configure:4952: checking sys/param.h presence
configure:4952: gcc -E  conftest.c
configure:4952: $? = 0
configure:4952: result: yes
configure:4952: checking for sys/param.h
configure:4952: result: yes
configure:4952: checking syslog.h usability
configure:4952: gcc -c -O2  -Ofast -flto -fuse-linker-plugin -ftree-loop-if-convert-stores -DUSE_ASM -pg  conftest.c >&5
configure:4952: $? = 0
configure:4952: result: yes
configure:4952: checking syslog.h presence
configure:4952: gcc -E  conftest.c
configure:4952: $? = 0
configure:4952: result: yes
configure:4952: checking for syslog.h
configure:4952: result: yes
configure:4966: checking for sys/sysctl.h
configure:4966: gcc -c -O2  -Ofast -flto -fuse-linker-plugin -ftree-loop-if-convert-stores -DUSE_ASM -pg  conftest.c >&5
configure:4966: $? = 0
configure:4966: result: yes
configure:4982: checking whether be32dec is declared
configure:4982: gcc -c -O2  -Ofast -flto -fuse-linker-plugin -ftree-loop-if-convert-stores -DUSE_ASM -pg  conftest.c >&5
conftest.c: In function 'main':
conftest.c:69:10: error: 'be32dec' undeclared (first use in this function)
   (void) be32dec;
          ^
conftest.c:69:10: note: each undeclared identifier is reported only once for each function it appears in
configure:4982: $? = 1
configure: failed program was:
| /* confdefs.h */
| #define PACKAGE_NAME "cpuminer-multi"
| #define PACKAGE_TARNAME "cpuminer-multi"
| #define PACKAGE_VERSION "1.1-git"
| #define PACKAGE_STRING "cpuminer-multi 1.1-git"
| #define PACKAGE_BUGREPORT ""
| #define PACKAGE_URL ""
| #define PACKAGE "cpuminer-multi"
| #define VERSION "1.1-git"
| #define STDC_HEADERS 1
| #define HAVE_SYS_TYPES_H 1
| #define HAVE_SYS_STAT_H 1
| #define HAVE_STDLIB_H 1
| #define HAVE_STRING_H 1
| #define HAVE_MEMORY_H 1
| #define HAVE_STRINGS_H 1
| #define HAVE_INTTYPES_H 1
| #define HAVE_STDINT_H 1
| #define HAVE_UNISTD_H 1
| #define HAVE_SYS_PARAM_H 1
| #define HAVE_SYSLOG_H 1
| #define HAVE_SYS_SYSCTL_H 1
| /* end confdefs.h.  */
| #include <stdio.h>
| #ifdef HAVE_SYS_TYPES_H
| # include <sys/types.h>
| #endif
| #ifdef HAVE_SYS_STAT_H
| # include <sys/stat.h>
| #endif
| #ifdef STDC_HEADERS
| # include <stdlib.h>
| # include <stddef.h>
| #else
| # ifdef HAVE_STDLIB_H
| #  include <stdlib.h>
| # endif
| #endif
| #ifdef HAVE_STRING_H
| # if !defined STDC_HEADERS && defined HAVE_MEMORY_H
| #  include <memory.h>
| # endif
| # include <string.h>
| #endif
| #ifdef HAVE_STRINGS_H
| # include <strings.h>
| #endif
| #ifdef HAVE_INTTYPES_H
| # include <inttypes.h>
| #endif
| #ifdef HAVE_STDINT_H
| # include <stdint.h>
| #endif
| #ifdef HAVE_UNISTD_H
| # include <unistd.h>
| #endif
| #ifdef HAVE_SYS_ENDIAN_H
| #include <sys/endian.h>
| #endif
| 
| 
| int
| main ()
| {
| #ifndef be32dec
| #ifdef __cplusplus
|   (void) be32dec;
| #else
|   (void) be32dec;
| #endif
| #endif
| 
|   ;
|   return 0;
| }
configure:4982: result: no
configure:4997: checking whether le32dec is declared
configure:4997: gcc -c -O2  -Ofast -flto -fuse-linker-plugin -ftree-loop-if-convert-stores -DUSE_ASM -pg  conftest.c >&5
conftest.c: In function 'main':
conftest.c:70:10: error: 'le32dec' undeclared (first use in this function)
   (void) le32dec;
          ^
conftest.c:70:10: note: each undeclared identifier is reported only once for each function it appears in
configure:4997: $? = 1
configure: failed program was:
| /* confdefs.h */
| #define PACKAGE_NAME "cpuminer-multi"
| #define PACKAGE_TARNAME "cpuminer-multi"
| #define PACKAGE_VERSION "1.1-git"
| #define PACKAGE_STRING "cpuminer-multi 1.1-git"
| #define PACKAGE_BUGREPORT ""
| #define PACKAGE_URL ""
| #define PACKAGE "cpuminer-multi"
| #define VERSION "1.1-git"
| #define STDC_HEADERS 1
| #define HAVE_SYS_TYPES_H 1
| #define HAVE_SYS_STAT_H 1
| #define HAVE_STDLIB_H 1
| #define HAVE_STRING_H 1
| #define HAVE_MEMORY_H 1
| #define HAVE_STRINGS_H 1
| #define HAVE_INTTYPES_H 1
| #define HAVE_STDINT_H 1
| #define HAVE_UNISTD_H 1
| #define HAVE_SYS_PARAM_H 1
| #define HAVE_SYSLOG_H 1
| #define HAVE_SYS_SYSCTL_H 1
| #define HAVE_DECL_BE32DEC 0
| /* end confdefs.h.  */
| #include <stdio.h>
| #ifdef HAVE_SYS_TYPES_H
| # include <sys/types.h>
| #endif
| #ifdef HAVE_SYS_STAT_H
| # include <sys/stat.h>
| #endif
| #ifdef STDC_HEADERS
| # include <stdlib.h>
| # include <stddef.h>
| #else
| # ifdef HAVE_STDLIB_H
| #  include <stdlib.h>
| # endif
| #endif
| #ifdef HAVE_STRING_H
| # if !defined STDC_HEADERS && defined HAVE_MEMORY_H
| #  include <memory.h>
| # endif
| # include <string.h>
| #endif
| #ifdef HAVE_STRINGS_H
| # include <strings.h>
| #endif
| #ifdef HAVE_INTTYPES_H
| # include <inttypes.h>
| #endif
| #ifdef HAVE_STDINT_H
| # include <stdint.h>
| #endif
| #ifdef HAVE_UNISTD_H
| # include <unistd.h>
| #endif
| #ifdef HAVE_SYS_ENDIAN_H
| #include <sys/endian.h>
| #endif
| 
| 
| int
| main ()
| {
| #ifndef le32dec
| #ifdef __cplusplus
|   (void) le32dec;
| #else
|   (void) le32dec;
| #endif
| #endif
| 
|   ;
|   return 0;
| }
configure:4997: result: no
configure:5012: checking whether be32enc is declared
configure:5012: gcc -c -O2  -Ofast -flto -fuse-linker-plugin -ftree-loop-if-convert-stores -DUSE_ASM -pg  conftest.c >&5
conftest.c: In function 'main':
conftest.c:71:10: error: 'be32enc' undeclared (first use in this function)
   (void) be32enc;
          ^
conftest.c:71:10: note: each undeclared identifier is reported only once for each function it appears in
configure:5012: $? = 1
configure: failed program was:
| /* confdefs.h */
| #define PACKAGE_NAME "cpuminer-multi"
| #define PACKAGE_TARNAME "cpuminer-multi"
| #define PACKAGE_VERSION "1.1-git"
| #define PACKAGE_STRING "cpuminer-multi 1.1-git"
| #define PACKAGE_BUGREPORT ""
| #define PACKAGE_URL ""
| #define PACKAGE "cpuminer-multi"
| #define VERSION "1.1-git"
| #define STDC_HEADERS 1
| #define HAVE_SYS_TYPES_H 1
| #define HAVE_SYS_STAT_H 1
| #define HAVE_STDLIB_H 1
| #define HAVE_STRING_H 1
| #define HAVE_MEMORY_H 1
| #define HAVE_STRINGS_H 1
| #define HAVE_INTTYPES_H 1
| #define HAVE_STDINT_H 1
| #define HAVE_UNISTD_H 1
| #define HAVE_SYS_PARAM_H 1
| #define HAVE_SYSLOG_H 1
| #define HAVE_SYS_SYSCTL_H 1
| #define HAVE_DECL_BE32DEC 0
| #define HAVE_DECL_LE32DEC 0
| /* end confdefs.h.  */
| #include <stdio.h>
| #ifdef HAVE_SYS_TYPES_H
| # include <sys/types.h>
| #endif
| #ifdef HAVE_SYS_STAT_H
| # include <sys/stat.h>
| #endif
| #ifdef STDC_HEADERS
| # include <stdlib.h>
| # include <stddef.h>
| #else
| # ifdef HAVE_STDLIB_H
| #  include <stdlib.h>
| # endif
| #endif
| #ifdef HAVE_STRING_H
| # if !defined STDC_HEADERS && defined HAVE_MEMORY_H
| #  include <memory.h>
| # endif
| # include <string.h>
| #endif
| #ifdef HAVE_STRINGS_H
| # include <strings.h>
| #endif
| #ifdef HAVE_INTTYPES_H
| # include <inttypes.h>
| #endif
| #ifdef HAVE_STDINT_H
| # include <stdint.h>
| #endif
| #ifdef HAVE_UNISTD_H
| # include <unistd.h>
| #endif
| #ifdef HAVE_SYS_ENDIAN_H
| #include <sys/endian.h>
| #endif
| 
| 
| int
| main ()
| {
| #ifndef be32enc
| #ifdef __cplusplus
|   (void) be32enc;
| #else
|   (void) be32enc;
| #endif
| #endif
| 
|   ;
|   return 0;
| }
configure:5012: result: no
configure:5027: checking whether le32enc is declared
configure:5027: gcc -c -O2  -Ofast -flto -fuse-linker-plugin -ftree-loop-if-convert-stores -DUSE_ASM -pg  conftest.c >&5
conftest.c: In function 'main':
conftest.c:72:10: error: 'le32enc' undeclared (first use in this function)
   (void) le32enc;
          ^
conftest.c:72:10: note: each undeclared identifier is reported only once for each function it appears in
configure:5027: $? = 1
configure: failed program was:
| /* confdefs.h */
| #define PACKAGE_NAME "cpuminer-multi"
| #define PACKAGE_TARNAME "cpuminer-multi"
| #define PACKAGE_VERSION "1.1-git"
| #define PACKAGE_STRING "cpuminer-multi 1.1-git"
| #define PACKAGE_BUGREPORT ""
| #define PACKAGE_URL ""
| #define PACKAGE "cpuminer-multi"
| #define VERSION "1.1-git"
| #define STDC_HEADERS 1
| #define HAVE_SYS_TYPES_H 1
| #define HAVE_SYS_STAT_H 1
| #define HAVE_STDLIB_H 1
| #define HAVE_STRING_H 1
| #define HAVE_MEMORY_H 1
| #define HAVE_STRINGS_H 1
| #define HAVE_INTTYPES_H 1
| #define HAVE_STDINT_H 1
| #define HAVE_UNISTD_H 1
| #define HAVE_SYS_PARAM_H 1
| #define HAVE_SYSLOG_H 1
| #define HAVE_SYS_SYSCTL_H 1
| #define HAVE_DECL_BE32DEC 0
| #define HAVE_DECL_LE32DEC 0
| #define HAVE_DECL_BE32ENC 0
| /* end confdefs.h.  */
| #include <stdio.h>
| #ifdef HAVE_SYS_TYPES_H
| # include <sys/types.h>
| #endif
| #ifdef HAVE_SYS_STAT_H
| # include <sys/stat.h>
| #endif
| #ifdef STDC_HEADERS
| # include <stdlib.h>
| # include <stddef.h>
| #else
| # ifdef HAVE_STDLIB_H
| #  include <stdlib.h>
| # endif
| #endif
| #ifdef HAVE_STRING_H
| # if !defined STDC_HEADERS && defined HAVE_MEMORY_H
| #  include <memory.h>
| # endif
| # include <string.h>
| #endif
| #ifdef HAVE_STRINGS_H
| # include <strings.h>
| #endif
| #ifdef HAVE_INTTYPES_H
| # include <inttypes.h>
| #endif
| #ifdef HAVE_STDINT_H
| # include <stdint.h>
| #endif
| #ifdef HAVE_UNISTD_H
| # include <unistd.h>
| #endif
| #ifdef HAVE_SYS_ENDIAN_H
| #include <sys/endian.h>
| #endif
| 
| 
| int
| main ()
| {
| #ifndef le32enc
| #ifdef __cplusplus
|   (void) le32enc;
| #else
|   (void) le32enc;
| #endif
| #endif
| 
|   ;
|   return 0;
| }
configure:5027: result: no
configure:5042: checking whether le16dec is declared
configure:5042: gcc -c -O2  -Ofast -flto -fuse-linker-plugin -ftree-loop-if-convert-stores -DUSE_ASM -pg  conftest.c >&5
conftest.c: In function 'main':
conftest.c:73:10: error: 'le16dec' undeclared (first use in this function)
   (void) le16dec;
          ^
conftest.c:73:10: note: each undeclared identifier is reported only once for each function it appears in
configure:5042: $? = 1
configure: failed program was:
| /* confdefs.h */
| #define PACKAGE_NAME "cpuminer-multi"
| #define PACKAGE_TARNAME "cpuminer-multi"
| #define PACKAGE_VERSION "1.1-git"
| #define PACKAGE_STRING "cpuminer-multi 1.1-git"
| #define PACKAGE_BUGREPORT ""
| #define PACKAGE_URL ""
| #define PACKAGE "cpuminer-multi"
| #define VERSION "1.1-git"
| #define STDC_HEADERS 1
| #define HAVE_SYS_TYPES_H 1
| #define HAVE_SYS_STAT_H 1
| #define HAVE_STDLIB_H 1
| #define HAVE_STRING_H 1
| #define HAVE_MEMORY_H 1
| #define HAVE_STRINGS_H 1
| #define HAVE_INTTYPES_H 1
| #define HAVE_STDINT_H 1
| #define HAVE_UNISTD_H 1
| #define HAVE_SYS_PARAM_H 1
| #define HAVE_SYSLOG_H 1
| #define HAVE_SYS_SYSCTL_H 1
| #define HAVE_DECL_BE32DEC 0
| #define HAVE_DECL_LE32DEC 0
| #define HAVE_DECL_BE32ENC 0
| #define HAVE_DECL_LE32ENC 0
| /* end confdefs.h.  */
| #include <stdio.h>
| #ifdef HAVE_SYS_TYPES_H
| # include <sys/types.h>
| #endif
| #ifdef HAVE_SYS_STAT_H
| # include <sys/stat.h>
| #endif
| #ifdef STDC_HEADERS
| # include <stdlib.h>
| # include <stddef.h>
| #else
| # ifdef HAVE_STDLIB_H
| #  include <stdlib.h>
| # endif
| #endif
| #ifdef HAVE_STRING_H
| # if !defined STDC_HEADERS && defined HAVE_MEMORY_H
| #  include <memory.h>
| # endif
| # include <string.h>
| #endif
| #ifdef HAVE_STRINGS_H
| # include <strings.h>
| #endif
| #ifdef HAVE_INTTYPES_H
| # include <inttypes.h>
| #endif
| #ifdef HAVE_STDINT_H
| # include <stdint.h>
| #endif
| #ifdef HAVE_UNISTD_H
| # include <unistd.h>
| #endif
| #ifdef HAVE_SYS_ENDIAN_H
| #include <sys/endian.h>
| #endif
| 
| 
| int
| main ()
| {
| #ifndef le16dec
| #ifdef __cplusplus
|   (void) le16dec;
| #else
|   (void) le16dec;
| #endif
| #endif
| 
|   ;
|   return 0;
| }
configure:5042: result: no
configure:5057: checking whether le16enc is declared
configure:5057: gcc -c -O2  -Ofast -flto -fuse-linker-plugin -ftree-loop-if-convert-stores -DUSE_ASM -pg  conftest.c >&5
conftest.c: In function 'main':
conftest.c:74:10: error: 'le16enc' undeclared (first use in this function)
   (void) le16enc;
          ^
conftest.c:74:10: note: each undeclared identifier is reported only once for each function it appears in
configure:5057: $? = 1
configure: failed program was:
| /* confdefs.h */
| #define PACKAGE_NAME "cpuminer-multi"
| #define PACKAGE_TARNAME "cpuminer-multi"
| #define PACKAGE_VERSION "1.1-git"
| #define PACKAGE_STRING "cpuminer-multi 1.1-git"
| #define PACKAGE_BUGREPORT ""
| #define PACKAGE_URL ""
| #define PACKAGE "cpuminer-multi"
| #define VERSION "1.1-git"
| #define STDC_HEADERS 1
| #define HAVE_SYS_TYPES_H 1
| #define HAVE_SYS_STAT_H 1
| #define HAVE_STDLIB_H 1
| #define HAVE_STRING_H 1
| #define HAVE_MEMORY_H 1
| #define HAVE_STRINGS_H 1
| #define HAVE_INTTYPES_H 1
| #define HAVE_STDINT_H 1
| #define HAVE_UNISTD_H 1
| #define HAVE_SYS_PARAM_H 1
| #define HAVE_SYSLOG_H 1
| #define HAVE_SYS_SYSCTL_H 1
| #define HAVE_DECL_BE32DEC 0
| #define HAVE_DECL_LE32DEC 0
| #define HAVE_DECL_BE32ENC 0
| #define HAVE_DECL_LE32ENC 0
| #define HAVE_DECL_LE16DEC 0
| /* end confdefs.h.  */
| #include <stdio.h>
| #ifdef HAVE_SYS_TYPES_H
| # include <sys/types.h>
| #endif
| #ifdef HAVE_SYS_STAT_H
| # include <sys/stat.h>
| #endif
| #ifdef STDC_HEADERS
| # include <stdlib.h>
| # include <stddef.h>
| #else
| # ifdef HAVE_STDLIB_H
| #  include <stdlib.h>
| # endif
| #endif
| #ifdef HAVE_STRING_H
| # if !defined STDC_HEADERS && defined HAVE_MEMORY_H
| #  include <memory.h>
| # endif
| # include <string.h>
| #endif
| #ifdef HAVE_STRINGS_H
| # include <strings.h>
| #endif
| #ifdef HAVE_INTTYPES_H
| # include <inttypes.h>
| #endif
| #ifdef HAVE_STDINT_H
| # include <stdint.h>
| #endif
| #ifdef HAVE_UNISTD_H
| # include <unistd.h>
| #endif
| #ifdef HAVE_SYS_ENDIAN_H
| #include <sys/endian.h>
| #endif
| 
| 
| int
| main ()
| {
| #ifndef le16enc
| #ifdef __cplusplus
|   (void) le16enc;
| #else
|   (void) le16enc;
| #endif
| #endif
| 
|   ;
|   return 0;
| }
configure:5057: result: no
configure:5074: checking for size_t
configure:5074: gcc -c -O2  -Ofast -flto -fuse-linker-plugin -ftree-loop-if-convert-stores -DUSE_ASM -pg  conftest.c >&5
configure:5074: $? = 0
configure:5074: gcc -c -O2  -Ofast -flto -fuse-linker-plugin -ftree-loop-if-convert-stores -DUSE_ASM -pg  conftest.c >&5
conftest.c: In function 'main':
conftest.c:66:21: error: expected expression before ')' token
 if (sizeof ((size_t)))
                     ^
configure:5074: $? = 1
configure: failed program was:
| /* confdefs.h */
| #define PACKAGE_NAME "cpuminer-multi"
| #define PACKAGE_TARNAME "cpuminer-multi"
| #define PACKAGE_VERSION "1.1-git"
| #define PACKAGE_STRING "cpuminer-multi 1.1-git"
| #define PACKAGE_BUGREPORT ""
| #define PACKAGE_URL ""
| #define PACKAGE "cpuminer-multi"
| #define VERSION "1.1-git"
| #define STDC_HEADERS 1
| #define HAVE_SYS_TYPES_H 1
| #define HAVE_SYS_STAT_H 1
| #define HAVE_STDLIB_H 1
| #define HAVE_STRING_H 1
| #define HAVE_MEMORY_H 1
| #define HAVE_STRINGS_H 1
| #define HAVE_INTTYPES_H 1
| #define HAVE_STDINT_H 1
| #define HAVE_UNISTD_H 1
| #define HAVE_SYS_PARAM_H 1
| #define HAVE_SYSLOG_H 1
| #define HAVE_SYS_SYSCTL_H 1
| #define HAVE_DECL_BE32DEC 0
| #define HAVE_DECL_LE32DEC 0
| #define HAVE_DECL_BE32ENC 0
| #define HAVE_DECL_LE32ENC 0
| #define HAVE_DECL_LE16DEC 0
| #define HAVE_DECL_LE16ENC 0
| /* end confdefs.h.  */
| #include <stdio.h>
| #ifdef HAVE_SYS_TYPES_H
| # include <sys/types.h>
| #endif
| #ifdef HAVE_SYS_STAT_H
| # include <sys/stat.h>
| #endif
| #ifdef STDC_HEADERS
| # include <stdlib.h>
| # include <stddef.h>
| #else
| # ifdef HAVE_STDLIB_H
| #  include <stdlib.h>
| # endif
| #endif
| #ifdef HAVE_STRING_H
| # if !defined STDC_HEADERS && defined HAVE_MEMORY_H
| #  include <memory.h>
| # endif
| # include <string.h>
| #endif
| #ifdef HAVE_STRINGS_H
| # include <strings.h>
| #endif
| #ifdef HAVE_INTTYPES_H
| # include <inttypes.h>
| #endif
| #ifdef HAVE_STDINT_H
| # include <stdint.h>
| #endif
| #ifdef HAVE_UNISTD_H
| # include <unistd.h>
| #endif
| int
| main ()
| {
| if (sizeof ((size_t)))
| 	    return 0;
|   ;
|   return 0;
| }
configure:5074: result: yes
configure:5087: checking for working alloca.h
configure:5104: gcc -o conftest -O2  -Ofast -flto -fuse-linker-plugin -ftree-loop-if-convert-stores -DUSE_ASM -pg   conftest.c  >&5
configure:5104: $? = 0
configure:5112: result: yes
configure:5120: checking for alloca
configure:5157: gcc -o conftest -O2  -Ofast -flto -fuse-linker-plugin -ftree-loop-if-convert-stores -DUSE_ASM -pg   conftest.c  >&5
configure:5157: $? = 0
configure:5165: result: yes
configure:5273: checking for getopt_long
configure:5273: gcc -o conftest -O2  -Ofast -flto -fuse-linker-plugin -ftree-loop-if-convert-stores -DUSE_ASM -pg   conftest.c  >&5
configure:5273: $? = 0
configure:5273: result: yes
configure:5324: checking whether we can compile AVX code
configure:5337: gcc -c -O2  -Ofast -flto -fuse-linker-plugin -ftree-loop-if-convert-stores -DUSE_ASM -pg  conftest.c >&5
configure:5337: $? = 0
configure:5341: result: yes
configure:5343: checking whether we can compile XOP code
configure:5356: gcc -c -O2  -Ofast -flto -fuse-linker-plugin -ftree-loop-if-convert-stores -DUSE_ASM -pg  conftest.c >&5
configure:5356: $? = 0
configure:5360: result: yes
configure:5371: checking whether we can compile AVX2 code
configure:5384: gcc -c -O2  -Ofast -flto -fuse-linker-plugin -ftree-loop-if-convert-stores -DUSE_ASM -pg  conftest.c >&5
configure:5384: $? = 0
configure:5388: result: yes
configure:5410: checking for json_loads in -ljansson
configure:5435: gcc -o conftest -O2  -Ofast -flto -fuse-linker-plugin -ftree-loop-if-convert-stores -DUSE_ASM -pg   conftest.c -ljansson   >&5
configure:5435: $? = 0
configure:5444: result: yes
configure:5497: checking for pthread_create in -lpthread
configure:5522: gcc -o conftest -O2  -Ofast -flto -fuse-linker-plugin -ftree-loop-if-convert-stores -DUSE_ASM -pg   conftest.c -lpthread   >&5
configure:5522: $? = 0
configure:5531: result: yes
configure:5542: checking whether __uint128_t is supported
configure:5555: gcc -c -O2  -Ofast -flto -fuse-linker-plugin -ftree-loop-if-convert-stores -DUSE_ASM -pg  conftest.c >&5
configure:5555: $? = 0
configure:5559: result: yes
configure:5795: checking that generated files are newer than configure
configure:5801: result: done
configure:5860: creating ./config.status

## ---------------------- ##
## Running config.status. ##
## ---------------------- ##

This file was extended by cpuminer-multi config.status 1.1-git, which was
generated by GNU Autoconf 2.69.  Invocation command line was

  CONFIG_FILES    = 
  CONFIG_HEADERS  = 
  CONFIG_LINKS    = 
  CONFIG_COMMANDS = 
  $ ./config.status 

on 265f0c748b.servercheap.net

config.status:915: creating Makefile
config.status:915: creating compat/Makefile
config.status:915: creating compat/jansson/Makefile
config.status:915: creating cpuminer-config.h
config.status:1096: cpuminer-config.h is unchanged
config.status:1144: executing depfiles commands

## ---------------- ##
## Cache variables. ##
## ---------------- ##

ac_cv_build=x86_64-pc-linux-gnu
ac_cv_c_compiler_gnu=yes
ac_cv_env_CCASFLAGS_set=
ac_cv_env_CCASFLAGS_value=
ac_cv_env_CCAS_set=
ac_cv_env_CCAS_value=
ac_cv_env_CC_set=
ac_cv_env_CC_value=
ac_cv_env_CFLAGS_set=set
ac_cv_env_CFLAGS_value='-O2  -Ofast -flto -fuse-linker-plugin -ftree-loop-if-convert-stores -DUSE_ASM -pg'
ac_cv_env_CPPFLAGS_set=
ac_cv_env_CPPFLAGS_value=
ac_cv_env_CPP_set=
ac_cv_env_CPP_value=
ac_cv_env_LDFLAGS_set=
ac_cv_env_LDFLAGS_value=
ac_cv_env_LIBS_set=
ac_cv_env_LIBS_value=
ac_cv_env_build_alias_set=
ac_cv_env_build_alias_value=
ac_cv_env_host_alias_set=
ac_cv_env_host_alias_value=
ac_cv_env_target_alias_set=
ac_cv_env_target_alias_value=
ac_cv_func_alloca_works=yes
ac_cv_func_getopt_long=yes
ac_cv_have_decl_be32dec=no
ac_cv_have_decl_be32enc=no
ac_cv_have_decl_le16dec=no
ac_cv_have_decl_le16enc=no
ac_cv_have_decl_le32dec=no
ac_cv_have_decl_le32enc=no
ac_cv_header_inttypes_h=yes
ac_cv_header_memory_h=yes
ac_cv_header_stdc=yes
ac_cv_header_stdint_h=yes
ac_cv_header_stdlib_h=yes
ac_cv_header_string_h=yes
ac_cv_header_strings_h=yes
ac_cv_header_sys_endian_h=no
ac_cv_header_sys_param_h=yes
ac_cv_header_sys_stat_h=yes
ac_cv_header_sys_sysctl_h=yes
ac_cv_header_sys_types_h=yes
ac_cv_header_syslog_h=yes
ac_cv_header_unistd_h=yes
ac_cv_host=x86_64-pc-linux-gnu
ac_cv_lib_jansson_json_loads=yes
ac_cv_lib_pthread_pthread_create=yes
ac_cv_objext=o
ac_cv_path_EGREP='/bin/grep -E'
ac_cv_path_GREP=/bin/grep
ac_cv_path_install='/usr/bin/install -c'
ac_cv_path_mkdir=/bin/mkdir
ac_cv_prog_AWK=gawk
ac_cv_prog_CPP='gcc -E'
ac_cv_prog_ac_ct_CC=gcc
ac_cv_prog_ac_ct_RANLIB=ranlib
ac_cv_prog_cc_c89=
ac_cv_prog_cc_c99=
ac_cv_prog_cc_g=yes
ac_cv_prog_gcc_traditional=no
ac_cv_prog_make_make_set=yes
ac_cv_target=x86_64-pc-linux-gnu
ac_cv_type_size_t=yes
ac_cv_working_alloca_h=yes
am_cv_CCAS_dependencies_compiler_type=gcc3
am_cv_CC_dependencies_compiler_type=gcc3
am_cv_make_support_nested_variables=yes
am_cv_prog_cc_c_o=yes

## ----------------- ##
## Output variables. ##
## ----------------- ##

ACLOCAL='${SHELL} /root/cpuminer-bmw/missing aclocal-1.15'
ALLOCA=''
AMDEPBACKSLASH='\'
AMDEP_FALSE='#'
AMDEP_TRUE=''
AMTAR='$${TAR-tar}'
AM_BACKSLASH='\'
AM_DEFAULT_V='$(AM_DEFAULT_VERBOSITY)'
AM_DEFAULT_VERBOSITY='1'
AM_V='$(V)'
ARCH_ARM_FALSE=''
ARCH_ARM_TRUE='#'
ARCH_x86_64_FALSE='#'
ARCH_x86_64_TRUE=''
ARCH_x86_FALSE=''
ARCH_x86_TRUE='#'
AUTOCONF='${SHELL} /root/cpuminer-bmw/missing autoconf'
AUTOHEADER='${SHELL} /root/cpuminer-bmw/missing autoheader'
AUTOMAKE='${SHELL} /root/cpuminer-bmw/missing automake-1.15'
AWK='gawk'
CC='gcc'
CCAS='gcc'
CCASDEPMODE='depmode=gcc3'
CCASFLAGS='-O2  -Ofast -flto -fuse-linker-plugin -ftree-loop-if-convert-stores -DUSE_ASM -pg'
CCDEPMODE='depmode=gcc3'
CFLAGS='-O2  -Ofast -flto -fuse-linker-plugin -ftree-loop-if-convert-stores -DUSE_ASM -pg  -Iyes/include -Iyes/include'
CPP='gcc -E'
CPPFLAGS=''
CYGPATH_W='echo'
DEFS='-DHAVE_CONFIG_H'
DEPDIR='.deps'
ECHO_C=''
ECHO_N='-n'
ECHO_T=''
EGREP='/bin/grep -E'
EXEEXT=''
GREP='/bin/grep'
HAVE_WINDOWS_FALSE=''
HAVE_WINDOWS_TRUE='#'
INSTALL_DATA='${INSTALL} -m 644'
INSTALL_PROGRAM='${INSTALL}'
INSTALL_SCRIPT='${INSTALL}'
INSTALL_STRIP_PROGRAM='$(install_sh) -c -s'
JANSSON_LIBS='-ljansson'
LDFLAGS='  -Lyes/lib -Lyes/lib '
LIBCURL='-lcurl -lz -lssl -lcrypto'
LIBCURL_CFLAGS=' -Iyes/include -Iyes/include'
LIBCURL_CPPFLAGS=''
LIBOBJS=''
LIBS=''
LTLIBOBJS=''
MAINT='#'
MAINTAINER_MODE_FALSE=''
MAINTAINER_MODE_TRUE='#'
MAKEINFO='${SHELL} /root/cpuminer-bmw/missing makeinfo'
MINGW_FALSE=''
MINGW_TRUE='#'
MKDIR_P='/bin/mkdir -p'
OBJEXT='o'
PACKAGE='cpuminer-multi'
PACKAGE_BUGREPORT=''
PACKAGE_NAME='cpuminer-multi'
PACKAGE_STRING='cpuminer-multi 1.1-git'
PACKAGE_TARNAME='cpuminer-multi'
PACKAGE_URL=''
PACKAGE_VERSION='1.1-git'
PATH_SEPARATOR=':'
PTHREAD_FLAGS=''
PTHREAD_LIBS='-lpthread'
RANLIB='ranlib'
SET_MAKE=''
SHELL='/bin/bash'
STRIP=''
USE_ASM_FALSE='#'
USE_ASM_TRUE=''
VERSION='1.1-git'
WANT_JANSSON_FALSE=''
WANT_JANSSON_TRUE='#'
WS2_LIBS=''
ac_ct_CC='gcc'
am__EXEEXT_FALSE=''
am__EXEEXT_TRUE='#'
am__fastdepCCAS_FALSE='#'
am__fastdepCCAS_TRUE=''
am__fastdepCC_FALSE='#'
am__fastdepCC_TRUE=''
am__include='include'
am__isrc=''
am__leading_dot='.'
am__nodep='_no'
am__quote=''
am__tar='$${TAR-tar} chof - "$$tardir"'
am__untar='$${TAR-tar} xf -'
bindir='${exec_prefix}/bin'
build='x86_64-pc-linux-gnu'
build_alias=''
build_cpu='x86_64'
build_os='linux-gnu'
build_vendor='pc'
datadir='${datarootdir}'
datarootdir='${prefix}/share'
docdir='${datarootdir}/doc/${PACKAGE_TARNAME}'
dvidir='${docdir}'
exec_prefix='${prefix}'
host='x86_64-pc-linux-gnu'
host_alias=''
host_cpu='x86_64'
host_os='linux-gnu'
host_vendor='pc'
htmldir='${docdir}'
includedir='${prefix}/include'
infodir='${datarootdir}/info'
install_sh='${SHELL} /root/cpuminer-bmw/install-sh'
libdir='${exec_prefix}/lib'
libexecdir='${exec_prefix}/libexec'
localedir='${datarootdir}/locale'
localstatedir='${prefix}/var'
mandir='${datarootdir}/man'
mkdir_p='$(MKDIR_P)'
oldincludedir='/usr/include'
pdfdir='${docdir}'
prefix='/usr/local'
program_transform_name='s,x,x,'
psdir='${docdir}'
runstatedir='${localstatedir}/run'
sbindir='${exec_prefix}/sbin'
sharedstatedir='${prefix}/com'
sysconfdir='${prefix}/etc'
target='x86_64-pc-linux-gnu'
target_alias=''
target_cpu='x86_64'
target_os='linux-gnu'
target_vendor='pc'

## ----------- ##
## confdefs.h. ##
## ----------- ##

/* confdefs.h */
#define PACKAGE_NAME "cpuminer-multi"
#define PACKAGE_TARNAME "cpuminer-multi"
#define PACKAGE_VERSION "1.1-git"
#define PACKAGE_STRING "cpuminer-multi 1.1-git"
#define PACKAGE_BUGREPORT ""
#define PACKAGE_URL ""
#define PACKAGE "cpuminer-multi"
#define VERSION "1.1-git"
#define STDC_HEADERS 1
#define HAVE_SYS_TYPES_H 1
#define HAVE_SYS_STAT_H 1
#define HAVE_STDLIB_H 1
#define HAVE_STRING_H 1
#define HAVE_MEMORY_H 1
#define HAVE_STRINGS_H 1
#define HAVE_INTTYPES_H 1
#define HAVE_STDINT_H 1
#define HAVE_UNISTD_H 1
#define HAVE_SYS_PARAM_H 1
#define HAVE_SYSLOG_H 1
#define HAVE_SYS_SYSCTL_H 1
#define HAVE_DECL_BE32DEC 0
#define HAVE_DECL_LE32DEC 0
#define HAVE_DECL_BE32ENC 0
#define HAVE_DECL_LE32ENC 0
#define HAVE_DECL_LE16DEC 0
#define HAVE_DECL_LE16ENC 0
#define HAVE_ALLOCA_H 1
#define HAVE_ALLOCA 1
#define HAVE_GETOPT_LONG 1
#define USE_ASM 1
#define USE_AVX 1
#define USE_XOP 1
#define USE_AVX2 1
#define USE_INT128 1

configure: exit 0
